#
# An unexpected error has been detected by Java Runtime Environment:
#
#  Internal Error (0xe06d7363), pid=4900, tid=228
#
# Java VM: Java HotSpot(TM) Client VM (11.2-b01 mixed mode windows-x86)
# Problematic frame:
# C  [KERNELBASE.dll+0x9617]
#
# If you would like to submit a bug report, please visit:
#   http://java.sun.com/webapps/bugreport/crash.jsp
# The crash happened outside the Java Virtual Machine in native code.
# See problematic frame for where to report the bug.
#

---------------  T H R E A D  ---------------

Current thread (0x0351fc00):  JavaThread "main" [_thread_in_native, id=228, stack(0x00430000,0x00c30000)]

siginfo: ExceptionCode=0xe06d7363, ExceptionInformation=0x19930520 0x00c263b0 0x7a126ec8 

Registers:
EAX=0x00c26314, EBX=0x00010004, ECX=0x00000003, EDX=0x00000000
ESP=0x00c26314, EBP=0x00c26364, ESI=0x00c263e0, EDI=0x00c2789c
EIP=0x756a9617, EFLAGS=0x00000216

Top of Stack: (sp=0x00c26314)
0x00c26314:   e06d7363 00000001 00000000 756a9617
0x00c26324:   00000003 19930520 00c263b0 7a126ec8
0x00c26334:   0351fc00 00c26898 79f92c70 00c26934
0x00c26344:   00090009 79f9144c 1b026690 00c2676c
0x00c26354:   00c26934 79f937e5 79f96b4e 00000006
0x00c26364:   00c2639c 73028e89 e06d7363 00000001
0x00c26374:   00000003 00c26390 e06d7363 00000001
0x00c26384:   00000000 00000000 00000003 19930520 

Instructions: (pc=0x756a9617)
0x756a9607:   d1 ff ff 83 c4 0c 8d 45 b0 50 ff 15 6c 11 6a 75
0x756a9617:   c9 c2 10 00 89 45 c0 eb ed 90 90 90 90 90 8b ff 


Stack: [0x00430000,0x00c30000],  sp=0x00c26314,  free space=8152k
Native frames: (J=compiled Java code, j=interpreted, Vv=VM code, C=native code)
C  [KERNELBASE.dll+0x9617]
C  [MSVCR80.dll+0x28e89]
C  [mcr.dll+0xbc96]
C  [mcr.dll+0xbe3a]
C  [libut.dll+0x4a5f1]
C  [libut.dll+0x50dd5]
C  [libut.dll+0x50e34]
C  [libut.dll+0x50e70]
C  [libut.dll+0x50f61]
C  [libuij.dll+0x26032]
C  [jmi.dll+0x322aa]
j  com.mathworks.jmi.NativeMatlab.processPendingEvents()Z+8
j  com.mathworks.jmi.Matlab$ProcessPendingEvents.callBooleanMethod(Ljava/lang/Object;)Z+0
j  com.mathworks.util.FactoryUtils.processPendingEvents()Z+12
j  com.mathworks.mwswing.desk.Desktop.canClose()Z+38
j  com.mathworks.mde.desk.MLDesktop.canClose()Z+113
j  com.mathworks.mde.desk.MLDesktop$2.call()Ljava/lang/Boolean;+4
j  com.mathworks.mde.desk.MLDesktop$2.call()Ljava/lang/Object;+1
j  com.mathworks.jmi.Matlab.isOkToExit()Z+54
v  ~StubRoutines::call_stub

Java frames: (J=compiled Java code, j=interpreted, Vv=VM code)
j  com.mathworks.jmi.NativeMatlab.ProcessPendingEvents()Z+0
j  com.mathworks.jmi.NativeMatlab.processPendingEvents()Z+8
j  com.mathworks.jmi.Matlab$ProcessPendingEvents.callBooleanMethod(Ljava/lang/Object;)Z+0
j  com.mathworks.util.FactoryUtils.processPendingEvents()Z+12
j  com.mathworks.mwswing.desk.Desktop.canClose()Z+38
j  com.mathworks.mde.desk.MLDesktop.canClose()Z+113
j  com.mathworks.mde.desk.MLDesktop$2.call()Ljava/lang/Boolean;+4
j  com.mathworks.mde.desk.MLDesktop$2.call()Ljava/lang/Object;+1
j  com.mathworks.jmi.Matlab.isOkToExit()Z+54
v  ~StubRoutines::call_stub
j  com.mathworks.jmi.NativeMatlab.SendMatlabMessage(Ljava/lang/Object;)Ljava/lang/Object;+0
j  com.mathworks.jmi.NativeMatlab.sendMatlabMessage(Ljava/lang/Object;)Ljava/lang/Object;+22
j  com.mathworks.jmi.MatlabLooper.sendMatlabMessage(Lcom/mathworks/services/message/MWMessage;)Ljava/lang/Object;+20
j  com.mathworks.jmi.Matlab.mtFevalConsoleOutput(Ljava/lang/String;[Ljava/lang/Object;I)Ljava/lang/Object;+58
j  com.mathworks.mde.desk.MLDesktop$9.run()V+14
j  com.mathworks.jmi.NativeMatlab.dispatchMTRequests(Z)V+50
v  ~StubRoutines::call_stub

---------------  P R O C E S S  ---------------

Java Threads: ( => current thread )
  0x1ae52000 JavaThread "Foxtrot Multi Worker Thread Runner #1" daemon [_thread_blocked, id=5984, stack(0x053a0000,0x05420000)]
  0x1ae50000 JavaThread "Thread-29" [_thread_blocked, id=5504, stack(0x1d5b0000,0x1d630000)]
  0x1ae21400 JavaThread "Thread-28" [_thread_blocked, id=2824, stack(0x1d530000,0x1d5b0000)]
  0x1ae20c00 JavaThread "Thread-27" [_thread_blocked, id=2956, stack(0x1d4b0000,0x1d530000)]
  0x1ae20800 JavaThread "Thread-26" [_thread_blocked, id=4536, stack(0x1d430000,0x1d4b0000)]
  0x1ae20400 JavaThread "Thread-25" [_thread_blocked, id=6052, stack(0x1d3b0000,0x1d430000)]
  0x1ae1fc00 JavaThread "Thread-24" [_thread_blocked, id=1720, stack(0x1d230000,0x1d2b0000)]
  0x1ae1f800 JavaThread "Thread-23" [_thread_blocked, id=6004, stack(0x1d1b0000,0x1d230000)]
  0x1ae1f000 JavaThread "Thread-22" [_thread_blocked, id=3376, stack(0x1d130000,0x1d1b0000)]
  0x1ae1ec00 JavaThread "Thread-21" [_thread_blocked, id=6104, stack(0x1d0b0000,0x1d130000)]
  0x1ae1e400 JavaThread "Thread-20" [_thread_blocked, id=4472, stack(0x1d030000,0x1d0b0000)]
  0x1ae1e000 JavaThread "Thread-19" [_thread_blocked, id=2744, stack(0x1cfb0000,0x1d030000)]
  0x1ae1d800 JavaThread "Thread-17" [_thread_blocked, id=4088, stack(0x1cd20000,0x1cda0000)]
  0x08987400 JavaThread "Active Reference Queue Daemon" daemon [_thread_blocked, id=3972, stack(0x1cca0000,0x1cd20000)]
  0x08985000 JavaThread "Timer-8" daemon [_thread_blocked, id=4248, stack(0x1caa0000,0x1cb20000)]
  0x08987000 JavaThread "FelixPackageAdmin" daemon [_thread_blocked, id=5068, stack(0x1cc20000,0x1cca0000)]
  0x08986800 JavaThread "FelixStartLevel" daemon [_thread_blocked, id=2688, stack(0x1cba0000,0x1cc20000)]
  0x08986400 JavaThread "FelixDispatchQueue" daemon [_thread_blocked, id=5276, stack(0x1cb20000,0x1cba0000)]
  0x08985c00 JavaThread "Timer-7" daemon [_thread_blocked, id=5800, stack(0x1ca20000,0x1caa0000)]
  0x08984c00 JavaThread "Prefs Updater" daemon [_thread_blocked, id=3872, stack(0x1c9a0000,0x1ca20000)]
  0x08984000 JavaThread "Timer-1" [_thread_blocked, id=1308, stack(0x1bc30000,0x1bcb0000)]
  0x08983c00 JavaThread "TimerQueue" daemon [_thread_blocked, id=3024, stack(0x1ba50000,0x1bad0000)]
  0x08983400 JavaThread "AWT-EventQueue-0" [_thread_in_native, id=6096, stack(0x1b9d0000,0x1ba50000)]
  0x08981c00 JavaThread "AWT-Windows" daemon [_thread_in_native, id=4836, stack(0x1a7e0000,0x1a860000)]
  0x08981800 JavaThread "AWT-Shutdown" [_thread_blocked, id=4552, stack(0x1a760000,0x1a7e0000)]
  0x08981000 JavaThread "Java2D Disposer" daemon [_thread_blocked, id=4516, stack(0x1a6e0000,0x1a760000)]
  0x08980c00 JavaThread "Timer-0" [_thread_blocked, id=4968, stack(0x1a1a0000,0x1a220000)]
  0x08980800 JavaThread "JMI Unnamed Thread" [_thread_in_native, id=5416, stack(0x05750000,0x05f50000)]
  0x08980000 JavaThread "Low Memory Detector" daemon [_thread_blocked, id=2820, stack(0x19720000,0x197a0000)]
  0x08992000 JavaThread "CompilerThread0" daemon [_thread_blocked, id=5052, stack(0x18f20000,0x19720000)]
  0x0897fc00 JavaThread "Attach Listener" daemon [_thread_blocked, id=4916, stack(0x18ea0000,0x18f20000)]
  0x08968000 JavaThread "Finalizer" daemon [_thread_blocked, id=4820, stack(0x18e20000,0x18ea0000)]
  0x08963400 JavaThread "Reference Handler" daemon [_thread_blocked, id=4128, stack(0x18da0000,0x18e20000)]
=>0x0351fc00 JavaThread "main" [_thread_in_native, id=228, stack(0x00430000,0x00c30000)]

Other Threads:
  0x0895e800 VMThread [stack: 0x185a0000,0x18da0000] [id=3928]
  0x089a0800 WatcherThread [stack: 0x197a0000,0x19fa0000] [id=4332]

VM state:not at safepoint (normal execution)

VM Mutex/Monitor currently owned by a thread: None

Heap
 def new generation   total 22272K, used 2236K [0x0c5a0000, 0x0ddc0000, 0x0e5a0000)
  eden space 19840K,   9% used [0x0c5a0000, 0x0c78a468, 0x0d900000)
  from space 2432K,  11% used [0x0db60000, 0x0dba4f80, 0x0ddc0000)
  to   space 2432K,   0% used [0x0d900000, 0x0d900000, 0x0db60000)
 tenured generation   total 73744K, used 48024K [0x0e5a0000, 0x12da4000, 0x145a0000)
   the space 73744K,  65% used [0x0e5a0000, 0x11486260, 0x11486400, 0x12da4000)
 compacting perm gen  total 34560K, used 34418K [0x145a0000, 0x16760000, 0x185a0000)
   the space 34560K,  99% used [0x145a0000, 0x1673cbc8, 0x1673cc00, 0x16760000)
No shared spaces configured.

Dynamic libraries:
0x00400000 - 0x00425000 	C:\Program Files\MATLAB\R2010a\bin\win32\MATLAB.exe
0x774b0000 - 0x775ec000 	C:\Windows\SYSTEM32\ntdll.dll
0x76c90000 - 0x76d64000 	C:\Windows\system32\kernel32.dll
0x756a0000 - 0x756ea000 	C:\Windows\system32\KERNELBASE.dll
0x7b940000 - 0x7b9ec000 	C:\Program Files\MATLAB\R2010a\bin\win32\libut.dll
0x76c00000 - 0x76c2a000 	C:\Windows\system32\imagehlp.dll
0x76e20000 - 0x76ecc000 	C:\Windows\system32\msvcrt.dll
0x776d0000 - 0x776d5000 	C:\Windows\system32\PSAPI.DLL
0x7bfa0000 - 0x7bfbf000 	C:\Program Files\MATLAB\R2010a\bin\win32\LIBEXPAT.dll
0x73000000 - 0x7309b000 	C:\Windows\WinSxS\x86_microsoft.vc80.crt_1fc8b3b9a1e18e3b_8.0.50727.4927_none_d08a205e442db5b5\MSVCR80.dll
0x7bd50000 - 0x7be38000 	C:\Program Files\MATLAB\R2010a\bin\win32\icuuc40.dll
0x76ed0000 - 0x76f70000 	C:\Windows\system32\ADVAPI32.dll
0x76990000 - 0x769a9000 	C:\Windows\SYSTEM32\sechost.dll
0x76d70000 - 0x76e11000 	C:\Windows\system32\RPCRT4.dll
0x7b4b0000 - 0x7b4b4000 	C:\Program Files\MATLAB\R2010a\bin\win32\icudt40.dll
0x7b4c0000 - 0x7b4cc000 	C:\Program Files\MATLAB\R2010a\bin\win32\icuio40.dll
0x7b670000 - 0x7b768000 	C:\Program Files\MATLAB\R2010a\bin\win32\icuin40.dll
0x730a0000 - 0x73127000 	C:\Windows\WinSxS\x86_microsoft.vc80.crt_1fc8b3b9a1e18e3b_8.0.50727.4927_none_d08a205e442db5b5\MSVCP80.dll
0x75b90000 - 0x75c59000 	C:\Windows\system32\USER32.dll
0x75c60000 - 0x75cae000 	C:\Windows\system32\GDI32.dll
0x775f0000 - 0x775fa000 	C:\Windows\system32\LPK.dll
0x769c0000 - 0x76a5d000 	C:\Windows\system32\USP10.dll
0x78770000 - 0x787ee000 	C:\Program Files\MATLAB\R2010a\bin\win32\libmwfl.dll
0x7d160000 - 0x7d16e000 	C:\Program Files\MATLAB\R2010a\bin\win32\boost_date_time-vc80-mt-1_36.dll
0x7d330000 - 0x7d346000 	C:\Program Files\MATLAB\R2010a\bin\win32\boost_filesystem-vc80-mt-1_36.dll
0x7c500000 - 0x7c507000 	C:\Program Files\MATLAB\R2010a\bin\win32\boost_system-vc80-mt-1_36.dll
0x7d050000 - 0x7d060000 	C:\Program Files\MATLAB\R2010a\bin\win32\boost_signals-vc80-mt-1_36.dll
0x7b4a0000 - 0x7b4ac000 	C:\Program Files\MATLAB\R2010a\bin\win32\boost_thread-vc80-mt-1_36.dll
0x7ba50000 - 0x7bc63000 	C:\Program Files\MATLAB\R2010a\bin\win32\libmwservices.dll
0x7b9f0000 - 0x7ba4d000 	C:\Program Files\MATLAB\R2010a\bin\win32\libmx.dll
0x78c90000 - 0x78ca3000 	C:\Program Files\MATLAB\R2010a\bin\win32\zlib1.dll
0x7bc70000 - 0x7bd47000 	C:\Program Files\MATLAB\R2010a\bin\win32\libmwmathutil.dll
0x79e30000 - 0x79e6a000 	C:\Program Files\MATLAB\R2010a\bin\win32\mpath.dll
0x7c0a0000 - 0x7c166000 	C:\Program Files\MATLAB\R2010a\bin\win32\mlutil.dll
0x7cfb0000 - 0x7d00e000 	C:\Program Files\MATLAB\R2010a\bin\win32\xmlcore.dll
0x79720000 - 0x798e2000 	C:\Program Files\MATLAB\R2010a\bin\win32\xerces-c_2_7.dll
0x75a60000 - 0x75a95000 	C:\Windows\system32\WS2_32.dll
0x769b0000 - 0x769b6000 	C:\Windows\system32\NSI.dll
0x75d40000 - 0x76989000 	C:\Windows\system32\SHELL32.dll
0x76c30000 - 0x76c87000 	C:\Windows\system32\SHLWAPI.dll
0x78720000 - 0x7874e000 	C:\Program Files\MATLAB\R2010a\bin\win32\tbb.dll
0x002f0000 - 0x00374000 	C:\Windows\WinSxS\x86_microsoft.windows.common-controls_6595b64144ccf1df_5.82.7600.16661_none_ebfb56996c72aefc\COMCTL32.dll
0x77330000 - 0x773ab000 	C:\Windows\system32\comdlg32.dll
0x73e20000 - 0x73e31000 	C:\Windows\system32\NETAPI32.dll
0x74e40000 - 0x74e49000 	C:\Windows\system32\netutils.dll
0x75460000 - 0x75479000 	C:\Windows\system32\srvcli.dll
0x73e10000 - 0x73e1f000 	C:\Windows\system32\wkscli.dll
0x7a0e0000 - 0x7a144000 	C:\Program Files\MATLAB\R2010a\bin\win32\mcr.dll
0x7e890000 - 0x7e8a9000 	C:\Program Files\MATLAB\R2010a\bin\win32\libmwi18n.dll
0x7b4d0000 - 0x7b539000 	C:\Program Files\MATLAB\R2010a\bin\win32\iqm.dll
0x7a6c0000 - 0x7ab7b000 	C:\Program Files\MATLAB\R2010a\bin\win32\m_interpreter.dll
0x7b550000 - 0x7b561000 	C:\Program Files\MATLAB\R2010a\bin\win32\libmex.dll
0x79fb0000 - 0x7a017000 	C:\Program Files\MATLAB\R2010a\bin\win32\m_dispatcher.dll
0x7d280000 - 0x7d31d000 	C:\Program Files\MATLAB\R2010a\bin\win32\boost_regex-vc80-mt-1_36.dll
0x79ec0000 - 0x79f1b000 	C:\Program Files\MATLAB\R2010a\bin\win32\profiler.dll
0x7b5d0000 - 0x7b5f2000 	C:\Program Files\MATLAB\R2010a\bin\win32\libmwmathrng.dll
0x78c00000 - 0x78c12000 	C:\Program Files\MATLAB\R2010a\bin\win32\m_pcodeio.dll
0x79df0000 - 0x79e27000 	C:\Program Files\MATLAB\R2010a\bin\win32\m_ir.dll
0x7a1d0000 - 0x7a6bd000 	C:\Program Files\MATLAB\R2010a\bin\win32\m_parser.dll
0x7b540000 - 0x7b54e000 	C:\Program Files\MATLAB\R2010a\bin\win32\ir_xfmr.dll
0x787f0000 - 0x7894e000 	C:\Program Files\MATLAB\R2010a\bin\win32\mcos.dll
0x7b610000 - 0x7b61a000 	C:\Program Files\MATLAB\R2010a\bin\win32\mtok.dll
0x78be0000 - 0x78bfa000 	C:\Program Files\MATLAB\R2010a\bin\win32\m_pcodegen.dll
0x7e810000 - 0x7e844000 	C:\Program Files\MATLAB\R2010a\bin\win32\libmwspmatrix.dll
0x7e850000 - 0x7e871000 	C:\Program Files\MATLAB\R2010a\bin\win32\libmwbridge.dll
0x7b180000 - 0x7b209000 	C:\Program Files\MATLAB\R2010a\bin\win32\udd.dll
0x7be40000 - 0x7bf3f000 	C:\Program Files\MATLAB\R2010a\bin\win32\libmwgui.dll
0x78cf0000 - 0x7914f000 	C:\Program Files\MATLAB\R2010a\bin\win32\hg.dll
0x78b60000 - 0x78b92000 	C:\Program Files\MATLAB\R2010a\bin\win32\libmat.dll
0x7b770000 - 0x7b939000 	C:\Program Files\MATLAB\R2010a\bin\win32\libhdf5.dll
0x79d40000 - 0x79d96000 	C:\Program Files\MATLAB\R2010a\bin\win32\jmi.dll
0x79a40000 - 0x79a70000 	C:\Program Files\MATLAB\R2010a\bin\win32\libmwhardcopy.dll
0x79da0000 - 0x79de3000 	C:\Program Files\MATLAB\R2010a\bin\win32\libuij.dll
0x78630000 - 0x7871f000 	C:\Program Files\MATLAB\R2010a\bin\win32\hgdatatypes.dll
0x785c0000 - 0x78628000 	C:\Program Files\MATLAB\R2010a\bin\win32\hgutils.dll
0x78ba0000 - 0x78bd4000 	C:\Program Files\MATLAB\R2010a\bin\win32\libmwlapack.dll
0x7b580000 - 0x7b58e000 	C:\Program Files\MATLAB\R2010a\bin\win32\libmwbinder.dll
0x7b210000 - 0x7b492000 	C:\Program Files\MATLAB\R2010a\bin\win32\uiw.dll
0x7b660000 - 0x7b669000 	C:\Program Files\MATLAB\R2010a\bin\win32\uinone.dll
0x72ef0000 - 0x73000000 	C:\Windows\WinSxS\x86_microsoft.vc80.mfc_1fc8b3b9a1e18e3b_8.0.50727.4053_none_cbf21254470d8752\MFC80.DLL
0x00db0000 - 0x00e01000 	C:\Windows\system32\WINSPOOL.DRV
0x75900000 - 0x75a5c000 	C:\Windows\system32\ole32.dll
0x75b00000 - 0x75b8f000 	C:\Windows\system32\OLEAUT32.dll
0x7a150000 - 0x7a1cc000 	C:\Program Files\MATLAB\R2010a\bin\win32\udd_mi.dll
0x78c20000 - 0x78c37000 	C:\Program Files\MATLAB\R2010a\bin\win32\mwoles05.DLL
0x79e70000 - 0x79eb9000 	C:\Program Files\MATLAB\R2010a\bin\win32\comcli.dll
0x00e40000 - 0x00e5b000 	C:\Windows\WinSxS\x86_microsoft.vc80.atl_1fc8b3b9a1e18e3b_8.0.50727.4053_none_d1c738ec43578ea1\ATL80.DLL
0x7b600000 - 0x7b60b000 	C:\Program Files\MATLAB\R2010a\bin\win32\mlautoregister.dll
0x77310000 - 0x7732f000 	C:\Windows\system32\IMM32.DLL
0x77600000 - 0x776cc000 	C:\Windows\system32\MSCTF.dll
0x731a0000 - 0x731ae000 	C:\Windows\WinSxS\x86_microsoft.vc80.mfcloc_1fc8b3b9a1e18e3b_8.0.50727.4053_none_03ca5532205cb096\MFC80ENU.DLL
0x75600000 - 0x7560b000 	C:\Windows\system32\profapi.dll
0x75580000 - 0x7558c000 	C:\Windows\system32\CRYPTBASE.dll
0x74510000 - 0x74550000 	C:\Windows\system32\uxtheme.dll
0x74660000 - 0x747fe000 	C:\Windows\WinSxS\x86_microsoft.windows.common-controls_6595b64144ccf1df_6.0.7600.16661_none_420fe3fa2b8113bd\comctl32.dll
0x76f70000 - 0x7710d000 	C:\Windows\system32\SETUPAPI.dll
0x75810000 - 0x75837000 	C:\Windows\system32\CFGMGR32.dll
0x75680000 - 0x75692000 	C:\Windows\system32\DEVOBJ.dll
0x75cb0000 - 0x75d33000 	C:\Windows\system32\CLBCatQ.DLL
0x74100000 - 0x741f5000 	C:\Windows\system32\propsys.dll
0x74ac0000 - 0x74ae1000 	C:\Windows\system32\ntmarta.dll
0x75aa0000 - 0x75ae5000 	C:\Windows\system32\WLDAP32.dll
0x731e0000 - 0x731fc000 	C:\Windows\system32\iphlpapi.dll
0x731d0000 - 0x731d7000 	C:\Windows\system32\WINNSI.DLL
0x74f30000 - 0x74f74000 	C:\Windows\system32\DNSAPI.dll
0x72b00000 - 0x72b0d000 	C:\Windows\system32\dhcpcsvc6.DLL
0x72ae0000 - 0x72af2000 	C:\Windows\system32\dhcpcsvc.DLL
0x75510000 - 0x7552a000 	C:\Windows\system32\SspiCli.dll
0x01000000 - 0x01003000 	C:\Windows\system32\icmp.Dll
0x79ae0000 - 0x79d36000 	C:\Program Files\MATLAB\R2010a\sys\java\jre\win32\jre\bin\client\jvm.dll
0x73bb0000 - 0x73be2000 	C:\Windows\system32\WINMM.dll
0x7bfc0000 - 0x7c016000 	C:\Program Files\MATLAB\R2010a\bin\win32\MSVCR71.dll
0x75530000 - 0x7557b000 	C:\Windows\system32\apphelp.dll
0x740e0000 - 0x740f3000 	C:\Windows\system32\dwmapi.dll
0x70ea0000 - 0x70f8b000 	C:\Windows\system32\dbghelp.dll
0x79f70000 - 0x79f78000 	C:\Program Files\MATLAB\R2010a\sys\java\jre\win32\jre\bin\hpi.dll
0x79f90000 - 0x79f9c000 	C:\Program Files\MATLAB\R2010a\sys\java\jre\win32\jre\bin\verify.dll
0x78cb0000 - 0x78ccf000 	C:\Program Files\MATLAB\R2010a\sys\java\jre\win32\jre\bin\java.dll
0x79fa0000 - 0x79faf000 	C:\Program Files\MATLAB\R2010a\sys\java\jre\win32\jre\bin\zip.dll
0x78c40000 - 0x78c5e000 	C:\Program Files\MATLAB\R2010a\bin\win32\nativejava.dll
0x05fe0000 - 0x05ff2000 	C:\Windows\system32\MPR.dll
0x78c60000 - 0x78c85000 	C:\Program Files\MATLAB\R2010a\bin\win32\nativejmi.dll
0x7b650000 - 0x7b65a000 	C:\Program Files\MATLAB\R2010a\bin\win32\nativeservices.dll
0x798f0000 - 0x79a3a000 	C:\Program Files\MATLAB\R2010a\sys\java\jre\win32\jre\bin\awt.dll
0x7a020000 - 0x7a074000 	C:\Program Files\MATLAB\R2010a\sys\java\jre\win32\jre\bin\fontmanager.dll
0x78cd0000 - 0x78ce3000 	C:\Program Files\MATLAB\R2010a\sys\java\jre\win32\jre\bin\net.dll
0x75070000 - 0x750ac000 	C:\Windows\system32\mswsock.dll
0x75060000 - 0x75066000 	C:\Windows\System32\wship6.dll

VM Arguments:
jvm_args: -Xss512k -XX:PermSize=32m -Xms64m -XX:NewRatio=3 -XX:MaxPermSize=64m -Xmx128m -XX:MaxDirectMemorySize=1200000000 -Dsun.java2d.noddraw=true -Dsun.awt.nopixfmt=true -Xshare:off -Xrs -Djava.library.path=C:\Program Files\MATLAB\R2010a\bin\win32 vfprintf abort 
java_command: <unknown>
Launcher Type: generic

Environment Variables:
CLASSPATH=.;C:\Program Files\Java\jre6\lib\ext\QTJava.zip
PATH=C:\Program Files\Tecplot\TecFocus 2010\Bin;C:\Windows\system32;C:\Windows;C:\Windows\System32\Wbem;C:\Windows\System32\WindowsPowerShell\v1.0\;C:\Program Files\QuickTime\QTSystem;C:\ArcGIS\arcexe9x\bin;ArcToolbox\Scripts_egis\metadata;C:\ArcGIS\gbin\;C:\ArcGIS\ArcToolbox\Scripts_egis\metadata;C:\Program Files\Dell\DW WLAN Card;C:\Program Files\iView4D\bin;C:\Program Files\MATLAB\R2010a\bin
USERNAME=pjackson
OS=Windows_NT
PROCESSOR_IDENTIFIER=x86 Family 6 Model 23 Stepping 10, GenuineIntel



---------------  S Y S T E M  ---------------

OS: Windows NT 6.1 Build 7600 

CPU:total 2 (2 cores per cpu, 1 threads per core) family 6 model 7 stepping 10, cmov, cx8, fxsr, mmx, sse, sse2, sse3, ssse3

Memory: 4k page, physical 3657644k(1358064k free), swap 4194303k(4194303k free)

vm_info: Java HotSpot(TM) Client VM (11.2-b01) for windows-x86 JRE (1.6.0_12-b04), built on Jan 17 2009 09:57:14 by "java_re" with MS VC++ 7.1

time: Wed Dec 08 13:28:20 2010
elapsed time: 13706 seconds

