#
# An unexpected error has been detected by Java Runtime Environment:
#
#  EXCEPTION_ACCESS_VIOLATION (0xc0000005) at pc=0x777e614b, pid=664, tid=2740
#
# Java VM: Java HotSpot(TM) Client VM (11.2-b01 mixed mode windows-x86)
# Problematic frame:
# C  [ntdll.dll+0x5614b]
#
# If you would like to submit a bug report, please visit:
#   http://java.sun.com/webapps/bugreport/crash.jsp
# The crash happened outside the Java Virtual Machine in native code.
# See problematic frame for where to report the bug.
#

---------------  T H R E A D  ---------------

Current thread (0x03dbf400):  JavaThread "main" [_thread_in_native, id=2740, stack(0x00430000,0x00c30000)]

siginfo: ExceptionCode=0xc0000005, reading address 0xffffffff

Registers:
EAX=0xfffffff8, EBX=0x00000000, ECX=0x00000008, EDX=0x00000ab4
ESP=0x00c29efc, EBP=0x00c29f04, ESI=0x03db0000, EDI=0x79cd34e4
EIP=0x777e614b, EFLAGS=0x00010282

Top of Stack: (sp=0x00c29efc)
0x00c29efc:   00c2a004 79d135a4 00c29f50 7bfc20d6
0x00c29f0c:   03db0000 00000000 00000000 79cd34e4
0x00c29f1c:   79d135a4 00c2a004 1a962e28 79cd34e4
0x00c29f2c:   7c00b348 79ba9369 03dbf790 00c29f18
0x00c29f3c:   00c29b08 00c29f7c 7bfc240d 7bffa368
0x00c29f4c:   ffffffff 00c29f8c 7bfcc0b4 00000000
0x00c29f5c:   79cd34e4 00000003 00c2a004 03dbf400
0x00c29f6c:   1a962d88 00c29f8c 00c29f5c 00c29b08 

Instructions: (pc=0x777e614b)
0x777e613b:   03 00 8b 45 10 a8 07 0f 85 13 0d 03 00 83 c0 f8
0x777e614b:   80 78 07 05 0f 84 ef 0c 03 00 f6 40 07 3f 0f 84 


Stack: [0x00430000,0x00c30000],  sp=0x00c29efc,  free space=8167k
Native frames: (J=compiled Java code, j=interpreted, Vv=VM code, C=native code)
C  [ntdll.dll+0x5614b]
C  [MSVCR71.dll+0x20d6]
C  [MSVCR71.dll+0xc0b4]
V  [jvm.dll+0x1c8b74]

Java frames: (J=compiled Java code, j=interpreted, Vv=VM code)
j  com.mathworks.jmi.NativeMatlab.SendMatlabMessage(Ljava/lang/Object;)Ljava/lang/Object;+0
j  com.mathworks.jmi.NativeMatlab.sendMatlabMessage(Ljava/lang/Object;)Ljava/lang/Object;+22
j  com.mathworks.jmi.MatlabLooper.sendMatlabMessage(Lcom/mathworks/services/message/MWMessage;)Ljava/lang/Object;+20
j  com.mathworks.jmi.Matlab.mtFevalConsoleOutput(Ljava/lang/String;[Ljava/lang/Object;I)Ljava/lang/Object;+58
j  com.mathworks.mde.desk.MLDesktop$9.run()V+14
j  com.mathworks.jmi.NativeMatlab.dispatchMTRequests(Z)V+50
v  ~StubRoutines::call_stub

---------------  P R O C E S S  ---------------

Java Threads: ( => current thread )
  0x1b053800 JavaThread "Thread-281" [_thread_in_native, id=6092, stack(0x1c5c0000,0x1cdc0000)]
  0x1b054800 JavaThread "Foxtrot Multi Worker Thread Runner #2" daemon [_thread_blocked, id=4476, stack(0x05520000,0x055a0000)]
  0x1b052800 JavaThread "Foxtrot Single Worker Thread #1" daemon [_thread_blocked, id=4544, stack(0x04960000,0x049e0000)]
  0x1ae7fc00 JavaThread "MultiThreadedHttpConnectionManager cleanup" daemon [_thread_blocked, id=2912, stack(0x08490000,0x08510000)]
  0x1ada3400 JavaThread "Active Reference Queue Daemon" daemon [_thread_blocked, id=1332, stack(0x1d1c0000,0x1d240000)]
  0x1ada1c00 JavaThread "Timer-9" daemon [_thread_blocked, id=3028, stack(0x1cfc0000,0x1d040000)]
  0x1ada1400 JavaThread "Timer-8" daemon [_thread_blocked, id=172, stack(0x1cec0000,0x1cf40000)]
  0x1ae7f000 JavaThread "Prefs Updater" daemon [_thread_blocked, id=4628, stack(0x1ce40000,0x1cec0000)]
  0x1ae7e400 JavaThread "Timer-1" [_thread_blocked, id=5652, stack(0x1bfe0000,0x1c060000)]
  0x1a96ec00 JavaThread "TimerQueue" daemon [_thread_blocked, id=3104, stack(0x1bf60000,0x1bfe0000)]
  0x1abba800 JavaThread "AWT-EventQueue-0" [_thread_blocked, id=5320, stack(0x1bee0000,0x1bf60000)]
  0x1a98d000 JavaThread "AWT-Shutdown" [_thread_blocked, id=2388, stack(0x1aad0000,0x1ab50000)]
  0x1ab90400 JavaThread "AWT-Windows" daemon [_thread_in_native, id=2792, stack(0x1b350000,0x1b3d0000)]
  0x1a914400 JavaThread "Java2D Disposer" daemon [_thread_blocked, id=2484, stack(0x1aa50000,0x1aad0000)]
  0x1a354400 JavaThread "Timer-0" [_thread_blocked, id=4140, stack(0x1a510000,0x1a590000)]
  0x1a35b800 JavaThread "JMI Unnamed Thread" [_thread_in_native, id=5660, stack(0x05720000,0x05f20000)]
  0x0894b000 JavaThread "Low Memory Detector" daemon [_thread_blocked, id=4748, stack(0x19a90000,0x19b10000)]
  0x08938800 JavaThread "CompilerThread0" daemon [_thread_blocked, id=5768, stack(0x19290000,0x19a90000)]
  0x0892e400 JavaThread "Attach Listener" daemon [_thread_blocked, id=1108, stack(0x19210000,0x19290000)]
  0x08914c00 JavaThread "Finalizer" daemon [_thread_blocked, id=3876, stack(0x19190000,0x19210000)]
  0x08913400 JavaThread "Reference Handler" daemon [_thread_blocked, id=2980, stack(0x19110000,0x19190000)]
=>0x03dbf400 JavaThread "main" [_thread_in_native, id=2740, stack(0x00430000,0x00c30000)]

Other Threads:
  0x0890e000 VMThread [stack: 0x18910000,0x19110000] [id=1088]
  0x08957400 WatcherThread [stack: 0x19b10000,0x1a310000] [id=3616]

VM state:not at safepoint (normal execution)

VM Mutex/Monitor currently owned by a thread: None

Heap
 def new generation   total 27392K, used 5014K [0x0c910000, 0x0e6c0000, 0x0e910000)
  eden space 24384K,  15% used [0x0c910000, 0x0ccd76c8, 0x0e0e0000)
  from space 3008K,  38% used [0x0e3d0000, 0x0e4ee200, 0x0e6c0000)
  to   space 3008K,   0% used [0x0e0e0000, 0x0e0e0000, 0x0e3d0000)
 tenured generation   total 90840K, used 84872K [0x0e910000, 0x141c6000, 0x14910000)
   the space 90840K,  93% used [0x0e910000, 0x13bf2178, 0x13bf2200, 0x141c6000)
 compacting perm gen  total 44032K, used 43863K [0x14910000, 0x17410000, 0x18910000)
   the space 44032K,  99% used [0x14910000, 0x173e5f48, 0x173e6000, 0x17410000)
No shared spaces configured.

Dynamic libraries:
0x00400000 - 0x00425000 	C:\Program Files\MATLAB\R2010a\bin\win32\MATLAB.exe
0x77790000 - 0x778cd000 	C:\Windows\SYSTEM32\ntdll.dll
0x778e0000 - 0x779b4000 	C:\Windows\system32\kernel32.dll
0x759b0000 - 0x759fa000 	C:\Windows\system32\KERNELBASE.dll
0x7b940000 - 0x7b9ec000 	C:\Program Files\MATLAB\R2010a\bin\win32\libut.dll
0x75e70000 - 0x75e9a000 	C:\Windows\system32\imagehlp.dll
0x771d0000 - 0x7727c000 	C:\Windows\system32\msvcrt.dll
0x778d0000 - 0x778d5000 	C:\Windows\system32\PSAPI.DLL
0x7bfa0000 - 0x7bfbf000 	C:\Program Files\MATLAB\R2010a\bin\win32\LIBEXPAT.dll
0x732c0000 - 0x7335b000 	C:\Windows\WinSxS\x86_microsoft.vc80.crt_1fc8b3b9a1e18e3b_8.0.50727.6195_none_d09154e044272b9a\MSVCR80.dll
0x7bd50000 - 0x7be38000 	C:\Program Files\MATLAB\R2010a\bin\win32\icuuc40.dll
0x75cc0000 - 0x75d60000 	C:\Windows\system32\ADVAPI32.dll
0x77020000 - 0x77039000 	C:\Windows\SYSTEM32\sechost.dll
0x77040000 - 0x770e1000 	C:\Windows\system32\RPCRT4.dll
0x7b4b0000 - 0x7b4b4000 	C:\Program Files\MATLAB\R2010a\bin\win32\icudt40.dll
0x7b4c0000 - 0x7b4cc000 	C:\Program Files\MATLAB\R2010a\bin\win32\icuio40.dll
0x7b670000 - 0x7b768000 	C:\Program Files\MATLAB\R2010a\bin\win32\icuin40.dll
0x73360000 - 0x733e7000 	C:\Windows\WinSxS\x86_microsoft.vc80.crt_1fc8b3b9a1e18e3b_8.0.50727.6195_none_d09154e044272b9a\MSVCP80.dll
0x775e0000 - 0x776a9000 	C:\Windows\system32\USER32.dll
0x76000000 - 0x7604e000 	C:\Windows\system32\GDI32.dll
0x76fc0000 - 0x76fca000 	C:\Windows\system32\LPK.dll
0x76210000 - 0x762ad000 	C:\Windows\system32\USP10.dll
0x78770000 - 0x787ee000 	C:\Program Files\MATLAB\R2010a\bin\win32\libmwfl.dll
0x7d160000 - 0x7d16e000 	C:\Program Files\MATLAB\R2010a\bin\win32\boost_date_time-vc80-mt-1_36.dll
0x7d330000 - 0x7d346000 	C:\Program Files\MATLAB\R2010a\bin\win32\boost_filesystem-vc80-mt-1_36.dll
0x7c500000 - 0x7c507000 	C:\Program Files\MATLAB\R2010a\bin\win32\boost_system-vc80-mt-1_36.dll
0x7d050000 - 0x7d060000 	C:\Program Files\MATLAB\R2010a\bin\win32\boost_signals-vc80-mt-1_36.dll
0x7b4a0000 - 0x7b4ac000 	C:\Program Files\MATLAB\R2010a\bin\win32\boost_thread-vc80-mt-1_36.dll
0x7ba50000 - 0x7bc63000 	C:\Program Files\MATLAB\R2010a\bin\win32\libmwservices.dll
0x7b9f0000 - 0x7ba4d000 	C:\Program Files\MATLAB\R2010a\bin\win32\libmx.dll
0x78c90000 - 0x78ca3000 	C:\Program Files\MATLAB\R2010a\bin\win32\zlib1.dll
0x7bc70000 - 0x7bd47000 	C:\Program Files\MATLAB\R2010a\bin\win32\libmwmathutil.dll
0x79e30000 - 0x79e6a000 	C:\Program Files\MATLAB\R2010a\bin\win32\mpath.dll
0x7c0a0000 - 0x7c166000 	C:\Program Files\MATLAB\R2010a\bin\win32\mlutil.dll
0x7cfb0000 - 0x7d00e000 	C:\Program Files\MATLAB\R2010a\bin\win32\xmlcore.dll
0x79720000 - 0x798e2000 	C:\Program Files\MATLAB\R2010a\bin\win32\xerces-c_2_7.dll
0x760b0000 - 0x760e5000 	C:\Windows\system32\WS2_32.dll
0x76360000 - 0x76366000 	C:\Windows\system32\NSI.dll
0x76370000 - 0x76fb9000 	C:\Windows\system32\SHELL32.dll
0x77730000 - 0x77787000 	C:\Windows\system32\SHLWAPI.dll
0x78720000 - 0x7874e000 	C:\Program Files\MATLAB\R2010a\bin\win32\tbb.dll
0x002f0000 - 0x00374000 	C:\Windows\WinSxS\x86_microsoft.windows.common-controls_6595b64144ccf1df_5.82.7600.16661_none_ebfb56996c72aefc\COMCTL32.dll
0x776b0000 - 0x7772b000 	C:\Windows\system32\comdlg32.dll
0x742f0000 - 0x74301000 	C:\Windows\system32\NETAPI32.dll
0x75170000 - 0x75179000 	C:\Windows\system32\netutils.dll
0x757b0000 - 0x757c9000 	C:\Windows\system32\srvcli.dll
0x742e0000 - 0x742ef000 	C:\Windows\system32\wkscli.dll
0x7a0e0000 - 0x7a144000 	C:\Program Files\MATLAB\R2010a\bin\win32\mcr.dll
0x7e890000 - 0x7e8a9000 	C:\Program Files\MATLAB\R2010a\bin\win32\libmwi18n.dll
0x7b4d0000 - 0x7b539000 	C:\Program Files\MATLAB\R2010a\bin\win32\iqm.dll
0x7a6c0000 - 0x7ab7b000 	C:\Program Files\MATLAB\R2010a\bin\win32\m_interpreter.dll
0x7b550000 - 0x7b561000 	C:\Program Files\MATLAB\R2010a\bin\win32\libmex.dll
0x79fb0000 - 0x7a017000 	C:\Program Files\MATLAB\R2010a\bin\win32\m_dispatcher.dll
0x7d280000 - 0x7d31d000 	C:\Program Files\MATLAB\R2010a\bin\win32\boost_regex-vc80-mt-1_36.dll
0x79ec0000 - 0x79f1b000 	C:\Program Files\MATLAB\R2010a\bin\win32\profiler.dll
0x7b5d0000 - 0x7b5f2000 	C:\Program Files\MATLAB\R2010a\bin\win32\libmwmathrng.dll
0x78c00000 - 0x78c12000 	C:\Program Files\MATLAB\R2010a\bin\win32\m_pcodeio.dll
0x79df0000 - 0x79e27000 	C:\Program Files\MATLAB\R2010a\bin\win32\m_ir.dll
0x7a1d0000 - 0x7a6bd000 	C:\Program Files\MATLAB\R2010a\bin\win32\m_parser.dll
0x7b540000 - 0x7b54e000 	C:\Program Files\MATLAB\R2010a\bin\win32\ir_xfmr.dll
0x787f0000 - 0x7894e000 	C:\Program Files\MATLAB\R2010a\bin\win32\mcos.dll
0x7b610000 - 0x7b61a000 	C:\Program Files\MATLAB\R2010a\bin\win32\mtok.dll
0x78be0000 - 0x78bfa000 	C:\Program Files\MATLAB\R2010a\bin\win32\m_pcodegen.dll
0x7e810000 - 0x7e844000 	C:\Program Files\MATLAB\R2010a\bin\win32\libmwspmatrix.dll
0x7e850000 - 0x7e871000 	C:\Program Files\MATLAB\R2010a\bin\win32\libmwbridge.dll
0x7b180000 - 0x7b209000 	C:\Program Files\MATLAB\R2010a\bin\win32\udd.dll
0x7be40000 - 0x7bf3f000 	C:\Program Files\MATLAB\R2010a\bin\win32\libmwgui.dll
0x78cf0000 - 0x7914f000 	C:\Program Files\MATLAB\R2010a\bin\win32\hg.dll
0x78b60000 - 0x78b92000 	C:\Program Files\MATLAB\R2010a\bin\win32\libmat.dll
0x7b770000 - 0x7b939000 	C:\Program Files\MATLAB\R2010a\bin\win32\libhdf5.dll
0x79d40000 - 0x79d96000 	C:\Program Files\MATLAB\R2010a\bin\win32\jmi.dll
0x79a40000 - 0x79a70000 	C:\Program Files\MATLAB\R2010a\bin\win32\libmwhardcopy.dll
0x79da0000 - 0x79de3000 	C:\Program Files\MATLAB\R2010a\bin\win32\libuij.dll
0x78630000 - 0x7871f000 	C:\Program Files\MATLAB\R2010a\bin\win32\hgdatatypes.dll
0x785c0000 - 0x78628000 	C:\Program Files\MATLAB\R2010a\bin\win32\hgutils.dll
0x78ba0000 - 0x78bd4000 	C:\Program Files\MATLAB\R2010a\bin\win32\libmwlapack.dll
0x7b580000 - 0x7b58e000 	C:\Program Files\MATLAB\R2010a\bin\win32\libmwbinder.dll
0x7b210000 - 0x7b492000 	C:\Program Files\MATLAB\R2010a\bin\win32\uiw.dll
0x7b660000 - 0x7b669000 	C:\Program Files\MATLAB\R2010a\bin\win32\uinone.dll
0x731b0000 - 0x732bf000 	C:\Windows\WinSxS\x86_microsoft.vc80.mfc_1fc8b3b9a1e18e3b_8.0.50727.6195_none_cbf5e994470a1a8f\MFC80.DLL
0x00db0000 - 0x00e01000 	C:\Windows\system32\WINSPOOL.DRV
0x75ea0000 - 0x75ffc000 	C:\Windows\system32\ole32.dll
0x762d0000 - 0x7635f000 	C:\Windows\system32\OLEAUT32.dll
0x7a150000 - 0x7a1cc000 	C:\Program Files\MATLAB\R2010a\bin\win32\udd_mi.dll
0x78c20000 - 0x78c37000 	C:\Program Files\MATLAB\R2010a\bin\win32\mwoles05.DLL
0x79e70000 - 0x79eb9000 	C:\Program Files\MATLAB\R2010a\bin\win32\comcli.dll
0x70650000 - 0x7066b000 	C:\Windows\WinSxS\x86_microsoft.vc80.atl_1fc8b3b9a1e18e3b_8.0.50727.6195_none_d1cb102c435421de\ATL80.DLL
0x7b600000 - 0x7b60b000 	C:\Program Files\MATLAB\R2010a\bin\win32\mlautoregister.dll
0x762b0000 - 0x762cf000 	C:\Windows\system32\IMM32.DLL
0x770f0000 - 0x771bc000 	C:\Windows\system32\MSCTF.dll
0x72f10000 - 0x72f1e000 	C:\Windows\WinSxS\x86_microsoft.vc80.mfcloc_1fc8b3b9a1e18e3b_8.0.50727.6195_none_03ce2c72205943d3\MFC80ENU.DLL
0x75930000 - 0x7593b000 	C:\Windows\system32\profapi.dll
0x758b0000 - 0x758bc000 	C:\Windows\system32\CRYPTBASE.dll
0x74980000 - 0x749c0000 	C:\Windows\system32\uxtheme.dll
0x749c0000 - 0x74b5e000 	C:\Windows\WinSxS\x86_microsoft.windows.common-controls_6595b64144ccf1df_6.0.7600.16661_none_420fe3fa2b8113bd\comctl32.dll
0x77280000 - 0x7741d000 	C:\Windows\system32\SETUPAPI.dll
0x75a00000 - 0x75a27000 	C:\Windows\system32\CFGMGR32.dll
0x75be0000 - 0x75bf2000 	C:\Windows\system32\DEVOBJ.dll
0x75c30000 - 0x75cb3000 	C:\Windows\system32\CLBCatQ.DLL
0x74570000 - 0x74665000 	C:\Windows\system32\propsys.dll
0x74040000 - 0x74061000 	C:\Windows\system32\ntmarta.dll
0x76fd0000 - 0x77015000 	C:\Windows\system32\WLDAP32.dll
0x73190000 - 0x731ac000 	C:\Windows\system32\iphlpapi.dll
0x73180000 - 0x73187000 	C:\Windows\system32\WINNSI.DLL
0x75260000 - 0x752a4000 	C:\Windows\system32\DNSAPI.dll
0x72d60000 - 0x72d6d000 	C:\Windows\system32\dhcpcsvc6.DLL
0x72d40000 - 0x72d52000 	C:\Windows\system32\dhcpcsvc.DLL
0x75840000 - 0x7585a000 	C:\Windows\system32\SspiCli.dll
0x01020000 - 0x01023000 	C:\Windows\system32\icmp.Dll
0x79ae0000 - 0x79d36000 	C:\Program Files\MATLAB\R2010a\sys\java\jre\win32\jre\bin\client\jvm.dll
0x73d90000 - 0x73dc2000 	C:\Windows\system32\WINMM.dll
0x7bfc0000 - 0x7c016000 	C:\Program Files\MATLAB\R2010a\bin\win32\MSVCR71.dll
0x75860000 - 0x758ab000 	C:\Windows\system32\apphelp.dll
0x74550000 - 0x74563000 	C:\Windows\system32\dwmapi.dll
0x710a0000 - 0x7118b000 	C:\Windows\system32\dbghelp.dll
0x79f70000 - 0x79f78000 	C:\Program Files\MATLAB\R2010a\sys\java\jre\win32\jre\bin\hpi.dll
0x79f90000 - 0x79f9c000 	C:\Program Files\MATLAB\R2010a\sys\java\jre\win32\jre\bin\verify.dll
0x78cb0000 - 0x78ccf000 	C:\Program Files\MATLAB\R2010a\sys\java\jre\win32\jre\bin\java.dll
0x79fa0000 - 0x79faf000 	C:\Program Files\MATLAB\R2010a\sys\java\jre\win32\jre\bin\zip.dll
0x78c40000 - 0x78c5e000 	C:\Program Files\MATLAB\R2010a\bin\win32\nativejava.dll
0x05fa0000 - 0x05fb2000 	C:\Windows\system32\MPR.dll
0x78c60000 - 0x78c85000 	C:\Program Files\MATLAB\R2010a\bin\win32\nativejmi.dll
0x7b650000 - 0x7b65a000 	C:\Program Files\MATLAB\R2010a\bin\win32\nativeservices.dll
0x798f0000 - 0x79a3a000 	C:\Program Files\MATLAB\R2010a\sys\java\jre\win32\jre\bin\awt.dll
0x7a020000 - 0x7a074000 	C:\Program Files\MATLAB\R2010a\sys\java\jre\win32\jre\bin\fontmanager.dll
0x78cd0000 - 0x78ce3000 	C:\Program Files\MATLAB\R2010a\sys\java\jre\win32\jre\bin\net.dll
0x753a0000 - 0x753dc000 	C:\Windows\system32\mswsock.dll
0x75390000 - 0x75396000 	C:\Windows\System32\wship6.dll

VM Arguments:
jvm_args: -Xss512k -XX:PermSize=32m -Xms64m -XX:NewRatio=3 -XX:MaxPermSize=64m -Xmx128m -XX:MaxDirectMemorySize=1200000000 -Dsun.java2d.noddraw=true -Dsun.awt.nopixfmt=true -Xshare:off -Xrs -Djava.library.path=C:\Program Files\MATLAB\R2010a\bin\win32 vfprintf abort 
java_command: <unknown>
Launcher Type: generic

Environment Variables:
CLASSPATH=.;C:\Program Files\Java\jre6\lib\ext\QTJava.zip
PATH=C:\Program Files\MATLAB\R2010a\sys\java\jre\win32\jre\bin;C:\Program Files\MATLAB\R2010a\sys\webrenderer\windows\corecomponents;C:\Program Files\MATLAB\R2010a\sys\webrenderer\windows;C:\Program Files\Tecplot\TecFocus 2010\Bin;C:\Windows\system32;C:\Windows;C:\Windows\System32\Wbem;C:\Windows\System32\WindowsPowerShell\v1.0\;C:\Program Files\QuickTime\QTSystem;C:\ArcGIS\arcexe9x\bin;ArcToolbox\Scripts_egis\metadata;C:\ArcGIS\gbin\;C:\ArcGIS\ArcToolbox\Scripts_egis\metadata;C:\Program Files\Dell\DW WLAN Card;C:\Program Files\iView4D\bin;C:\Program Files\MATLAB\R2010a\bin;C:\Program Files\IVS7\bin;C:\Program Files\MATLAB\MATLAB Compiler Runtime\v713\runtime\win32;;C:\Program Files\iRIC
USERNAME=pjackson
OS=Windows_NT
PROCESSOR_IDENTIFIER=x86 Family 6 Model 23 Stepping 10, GenuineIntel



---------------  S Y S T E M  ---------------

OS: Windows NT 6.1 Build 7600 

CPU:total 2 (2 cores per cpu, 1 threads per core) family 6 model 7 stepping 10, cmov, cx8, fxsr, mmx, sse, sse2, sse3, ssse3

Memory: 4k page, physical 3657644k(1695548k free), swap 4194303k(4194303k free)

vm_info: Java HotSpot(TM) Client VM (11.2-b01) for windows-x86 JRE (1.6.0_12-b04), built on Jan 17 2009 09:57:14 by "java_re" with MS VC++ 7.1

time: Tue Oct 18 16:39:37 2011
elapsed time: 10276 seconds

